#
# There is insufficient memory for the Java Runtime Environment to continue.
# Native memory allocation (malloc) failed to allocate 354896 bytes for Chunk::new
# Possible reasons:
#   The system is out of physical RAM or swap space
#   The process is running with CompressedOops enabled, and the Java Heap may be blocking the growth of the native heap
# Possible solutions:
#   Reduce memory load on the system
#   Increase physical memory or swap space
#   Check if swap backing store is full
#   Decrease Java heap size (-Xmx/-Xms)
#   Decrease number of Java threads
#   Decrease Java thread stack sizes (-Xss)
#   Set larger code cache with -XX:ReservedCodeCacheSize=
#   JVM is running with Unscaled Compressed Oops mode in which the Java heap is
#     placed in the first 4GB address space. The Java Heap base address is the
#     maximum limit for the native heap growth. Please use -XX:HeapBaseMinAddress
#     to set the Java Heap base and to place the Java Heap above 4GB virtual address.
# This output file may be truncated or incomplete.
#
#  Out of Memory Error (arena.cpp:191), pid=4464, tid=13632
#
# JRE version: OpenJDK Runtime Environment Temurin-17.0.10+7 (17.0.10+7) (build 17.0.10+7)
# Java VM: OpenJDK 64-Bit Server VM Temurin-17.0.10+7 (17.0.10+7, mixed mode, tiered, compressed oops, compressed class ptrs, parallel gc, windows-amd64)
# No core dump will be written. Minidumps are not enabled by default on client versions of Windows
#

---------------  S U M M A R Y ------------

Command Line: --add-modules=ALL-SYSTEM --add-opens=java.base/java.util=ALL-UNNAMED --add-opens=java.base/java.lang=ALL-UNNAMED --add-opens=java.base/sun.nio.fs=ALL-UNNAMED -Declipse.application=org.eclipse.jdt.ls.core.id1 -Dosgi.bundles.defaultStartLevel=4 -Declipse.product=org.eclipse.jdt.ls.core.product -Djava.import.generatesMetadataFilesAtProjectRoot=false -DDetectVMInstallationsJob.disabled=true -Dfile.encoding=utf8 -XX:+UseParallelGC -XX:GCTimeRatio=4 -XX:AdaptiveSizePolicyWeight=90 -Dsun.zip.disableMemoryMapping=true -Xmx1G -Xms100m -Xlog:disable -javaagent:c:\Users\AAHIL ALWANI\.vscode\extensions\redhat.java-1.28.1-win32-x64\lombok\lombok-1.18.31.jar c:\Users\AAHIL ALWANI\.vscode\extensions\redhat.java-1.28.1-win32-x64\server\plugins\org.eclipse.equinox.launcher_1.6.700.v20231214-2017.jar -configuration c:\Users\AAHIL ALWANI\AppData\Roaming\Code\User\globalStorage\redhat.java\1.28.1\config_ss_win -data c:\Users\AAHIL ALWANI\AppData\Roaming\Code\User\workspaceStorage\cca122ab7a272cf1706982335082f80d\redhat.java\ss_ws --stdio

Host: Intel(R) Core(TM) i5-7200U CPU @ 2.50GHz, 4 cores, 3G,  Windows 10 , 64 bit Build 19041 (10.0.19041.3636)
Time: Sun Feb 25 17:16:29 2024 Pakistan Standard Time elapsed time: 571.376473 seconds (0d 0h 9m 31s)

---------------  T H R E A D  ---------------

Current thread (0x0000025b732250a0):  JavaThread "C2 CompilerThread0" daemon [_thread_in_native, id=13632, stack(0x000000de10b00000,0x000000de10c00000)]


Current CompileTask:
C2: 571376 5278       4       org.eclipse.osgi.internal.loader.BundleLoader::searchHooks (192 bytes)

Stack: [0x000000de10b00000,0x000000de10c00000]
Native frames: (J=compiled Java code, j=interpreted, Vv=VM code, C=native code)
V  [jvm.dll+0x67d2c9]
V  [jvm.dll+0x834afa]
V  [jvm.dll+0x8365be]
V  [jvm.dll+0x836c23]
V  [jvm.dll+0x2477ff]
V  [jvm.dll+0xac514]
V  [jvm.dll+0xacb5c]
V  [jvm.dll+0x2aed1f]
V  [jvm.dll+0x584b67]
V  [jvm.dll+0x2228a2]
V  [jvm.dll+0x222c8f]
V  [jvm.dll+0x21bdb6]
V  [jvm.dll+0x219201]
V  [jvm.dll+0x1a502d]
V  [jvm.dll+0x2290de]
V  [jvm.dll+0x2272ac]
V  [jvm.dll+0x7e9bb7]
V  [jvm.dll+0x7e3fba]
V  [jvm.dll+0x67c1b5]
C  [ucrtbase.dll+0x21bb2]
C  [KERNEL32.DLL+0x17344]
C  [ntdll.dll+0x526b1]


---------------  P R O C E S S  ---------------

Threads class SMR info:
_java_thread_list=0x0000025b79cc8880, length=28, elements={
0x0000025b6e3b1cd0, 0x0000025b731f3750, 0x0000025b731f4f00, 0x0000025b73220550,
0x0000025b732210e0, 0x0000025b73221b10, 0x0000025b732243f0, 0x0000025b732250a0,
0x0000025b78463080, 0x0000025b784815a0, 0x0000025b7850f980, 0x0000025b7874f460,
0x0000025b78c494d0, 0x0000025b78c52940, 0x0000025b78d91050, 0x0000025b78e0fb50,
0x0000025b78b4a970, 0x0000025b78b4a460, 0x0000025b78b47be0, 0x0000025b78b480f0,
0x0000025b78b49020, 0x0000025b78b49530, 0x0000025b7aa38890, 0x0000025b7aa3a1e0,
0x0000025b7aa392b0, 0x0000025b7aa397c0, 0x0000025b7aa3bb30, 0x0000025b7aa3a6f0
}

Java Threads: ( => current thread )
  0x0000025b6e3b1cd0 JavaThread "main" [_thread_blocked, id=8624, stack(0x000000de10200000,0x000000de10300000)]
  0x0000025b731f3750 JavaThread "Reference Handler" daemon [_thread_blocked, id=17816, stack(0x000000de10500000,0x000000de10600000)]
  0x0000025b731f4f00 JavaThread "Finalizer" daemon [_thread_blocked, id=5912, stack(0x000000de10600000,0x000000de10700000)]
  0x0000025b73220550 JavaThread "Signal Dispatcher" daemon [_thread_blocked, id=19220, stack(0x000000de10700000,0x000000de10800000)]
  0x0000025b732210e0 JavaThread "Attach Listener" daemon [_thread_blocked, id=9448, stack(0x000000de10800000,0x000000de10900000)]
  0x0000025b73221b10 JavaThread "Service Thread" daemon [_thread_blocked, id=18060, stack(0x000000de10900000,0x000000de10a00000)]
  0x0000025b732243f0 JavaThread "Monitor Deflation Thread" daemon [_thread_blocked, id=14124, stack(0x000000de10a00000,0x000000de10b00000)]
=>0x0000025b732250a0 JavaThread "C2 CompilerThread0" daemon [_thread_in_native, id=13632, stack(0x000000de10b00000,0x000000de10c00000)]
  0x0000025b78463080 JavaThread "C1 CompilerThread0" daemon [_thread_blocked, id=7972, stack(0x000000de10c00000,0x000000de10d00000)]
  0x0000025b784815a0 JavaThread "Sweeper thread" daemon [_thread_blocked, id=18052, stack(0x000000de10d00000,0x000000de10e00000)]
  0x0000025b7850f980 JavaThread "Common-Cleaner" daemon [_thread_blocked, id=2888, stack(0x000000de10e00000,0x000000de10f00000)]
  0x0000025b7874f460 JavaThread "Notification Thread" daemon [_thread_blocked, id=15272, stack(0x000000de10f00000,0x000000de11000000)]
  0x0000025b78c494d0 JavaThread "Active Thread: Equinox Container: 76da0489-8146-4a12-98b8-9ee1cc5ee4c7" [_thread_blocked, id=7492, stack(0x000000de11800000,0x000000de11900000)]
  0x0000025b78c52940 JavaThread "Framework Event Dispatcher: Equinox Container: 76da0489-8146-4a12-98b8-9ee1cc5ee4c7" daemon [_thread_blocked, id=7536, stack(0x000000de11400000,0x000000de11500000)]
  0x0000025b78d91050 JavaThread "Start Level: Equinox Container: 76da0489-8146-4a12-98b8-9ee1cc5ee4c7" daemon [_thread_blocked, id=10948, stack(0x000000de11500000,0x000000de11600000)]
  0x0000025b78e0fb50 JavaThread "Refresh Thread: Equinox Container: 76da0489-8146-4a12-98b8-9ee1cc5ee4c7" daemon [_thread_blocked, id=18080, stack(0x000000de11600000,0x000000de11700000)]
  0x0000025b78b4a970 JavaThread "SCR Component Actor" daemon [_thread_blocked, id=12424, stack(0x000000de11c00000,0x000000de11d00000)]
  0x0000025b78b4a460 JavaThread "Worker-JM" [_thread_blocked, id=17240, stack(0x000000de11e00000,0x000000de11f00000)]
  0x0000025b78b47be0 JavaThread "Worker-1" [_thread_blocked, id=6896, stack(0x000000de12000000,0x000000de12100000)]
  0x0000025b78b480f0 JavaThread "Worker-2" [_thread_blocked, id=17572, stack(0x000000de12100000,0x000000de12200000)]
  0x0000025b78b49020 JavaThread "JNA Cleaner" daemon [_thread_blocked, id=12584, stack(0x000000de12200000,0x000000de12300000)]
  0x0000025b78b49530 JavaThread "pool-2-thread-1" [_thread_blocked, id=19260, stack(0x000000de12500000,0x000000de12600000)]
  0x0000025b7aa38890 JavaThread "WorkspaceEventsHandler" [_thread_blocked, id=12756, stack(0x000000de12600000,0x000000de12700000)]
  0x0000025b7aa3a1e0 JavaThread "pool-1-thread-1" [_thread_in_native, id=13664, stack(0x000000de12700000,0x000000de12800000)]
  0x0000025b7aa392b0 JavaThread "ForkJoinPool.commonPool-worker-1" daemon [_thread_blocked, id=6788, stack(0x000000de0ff00000,0x000000de10000000)]
  0x0000025b7aa397c0 JavaThread "pool-3-thread-1" [_thread_blocked, id=20128, stack(0x000000de10000000,0x000000de10100000)]
  0x0000025b7aa3bb30 JavaThread "Framework stop - Equinox Container: 76da0489-8146-4a12-98b8-9ee1cc5ee4c7" [_thread_in_Java, id=20356, stack(0x000000de10100000,0x000000de10200000)]
  0x0000025b7aa3a6f0 JavaThread "SCR Component Registry" daemon [_thread_blocked, id=20208, stack(0x000000de11700000,0x000000de11800000)]

Other Threads:
  0x0000025b731dbbc0 VMThread "VM Thread" [stack: 0x000000de10400000,0x000000de10500000] [id=7336]
  0x0000025b7874f940 WatcherThread [stack: 0x000000de11000000,0x000000de11100000] [id=17320]
  0x0000025b6e3ca490 GCTaskThread "GC Thread#0" [stack: 0x000000de10300000,0x000000de10400000] [id=12300]
  0x0000025b78bd5990 GCTaskThread "GC Thread#1" [stack: 0x000000de11100000,0x000000de11200000] [id=18980]
  0x0000025b78c34850 GCTaskThread "GC Thread#2" [stack: 0x000000de11200000,0x000000de11300000] [id=18272]
  0x0000025b78c34b10 GCTaskThread "GC Thread#3" [stack: 0x000000de11300000,0x000000de11400000] [id=16700]

Threads with active compile tasks:
C2 CompilerThread0   573058 5278       4       org.eclipse.osgi.internal.loader.BundleLoader::searchHooks (192 bytes)

VM state: not at safepoint (normal execution)

VM Mutex/Monitor currently owned by a thread: None

Heap address: 0x00000000c0000000, size: 1024 MB, Compressed Oops mode: 32-bit

CDS archive(s) not mapped
Compressed class space mapped at: 0x0000000100000000-0x0000000140000000, reserved size: 1073741824
Narrow klass base: 0x0000000000000000, Narrow klass shift: 3, Narrow klass range: 0x140000000

GC Precious Log:
 CPUs: 4 total, 4 available
 Memory: 3874M
 Large Page Support: Disabled
 NUMA Support: Disabled
 Compressed Oops: Enabled (32-bit)
 Alignments: Space 512K, Generation 512K, Heap 2M
 Heap Min Capacity: 100M
 Heap Initial Capacity: 100M
 Heap Max Capacity: 1G
 Pre-touch: Disabled
 Parallel Workers: 4

Heap:
 PSYoungGen      total 21504K, used 3404K [0x00000000eab00000, 0x00000000ec180000, 0x0000000100000000)
  eden space 20480K, 12% used [0x00000000eab00000,0x00000000ead93128,0x00000000ebf00000)
  from space 1024K, 75% used [0x00000000ebf80000,0x00000000ec040000,0x00000000ec080000)
  to   space 1024K, 0% used [0x00000000ec080000,0x00000000ec080000,0x00000000ec180000)
 ParOldGen       total 68608K, used 30625K [0x00000000c0000000, 0x00000000c4300000, 0x00000000eab00000)
  object space 68608K, 44% used [0x00000000c0000000,0x00000000c1de8778,0x00000000c4300000)
 Metaspace       used 45240K, committed 46016K, reserved 1114112K
  class space    used 4557K, committed 4928K, reserved 1048576K

Card table byte_map: [0x0000025b6dd50000,0x0000025b6df60000] _byte_map_base: 0x0000025b6d750000

Marking Bits: (ParMarkBitMap*) 0x00007ffcd045d7d0
 Begin Bits: [0x0000025b71050000, 0x0000025b72050000)
 End Bits:   [0x0000025b72050000, 0x0000025b73050000)

Polling page: 0x0000025b6c2e0000

Metaspace:

Usage:
  Non-class:     39.73 MB used.
      Class:      4.45 MB used.
       Both:     44.18 MB used.

Virtual space:
  Non-class space:       64.00 MB reserved,      40.12 MB ( 63%) committed,  1 nodes.
      Class space:        1.00 GB reserved,       4.81 MB ( <1%) committed,  1 nodes.
             Both:        1.06 GB reserved,      44.94 MB (  4%) committed. 

Chunk freelists:
   Non-Class:  7.64 MB
       Class:  11.22 MB
        Both:  18.86 MB

MaxMetaspaceSize: unlimited
CompressedClassSpaceSize: 1.00 GB
Initial GC threshold: 21.00 MB
Current GC threshold: 58.38 MB
CDS: off
MetaspaceReclaimPolicy: balanced
 - commit_granule_bytes: 65536.
 - commit_granule_words: 8192.
 - virtual_space_node_default_size: 8388608.
 - enlarge_chunks_in_place: 1.
 - new_chunks_are_fully_committed: 0.
 - uncommit_free_chunks: 1.
 - use_allocation_guard: 0.
 - handle_deallocations: 1.


Internal statistics:

num_allocs_failed_limit: 6.
num_arena_births: 402.
num_arena_deaths: 14.
num_vsnodes_births: 2.
num_vsnodes_deaths: 0.
num_space_committed: 719.
num_space_uncommitted: 0.
num_chunks_returned_to_freelist: 20.
num_chunks_taken_from_freelist: 1866.
num_chunk_merges: 10.
num_chunk_splits: 1236.
num_chunks_enlarged: 856.
num_inconsistent_stats: 0.

CodeHeap 'non-profiled nmethods': size=120000Kb used=2456Kb max_used=2999Kb free=117543Kb
 bounds [0x0000025b07ad0000, 0x0000025b07dc0000, 0x0000025b0f000000]
CodeHeap 'profiled nmethods': size=120000Kb used=9501Kb max_used=11922Kb free=110498Kb
 bounds [0x0000025b00000000, 0x0000025b00bb0000, 0x0000025b07530000]
CodeHeap 'non-nmethods': size=5760Kb used=1298Kb max_used=1390Kb free=4461Kb
 bounds [0x0000025b07530000, 0x0000025b077a0000, 0x0000025b07ad0000]
 total_blobs=5107 nmethods=4472 adapters=547
 compilation: enabled
              stopped_count=0, restarted_count=0
 full_count=0

Compilation events (20 events):
Event: 569.400 Thread 0x0000025b78463080 5269       3       org.eclipse.core.runtime.ServiceCaller$ReferenceAndService::bundleChanged (32 bytes)
Event: 569.400 Thread 0x0000025b732250a0 nmethod 5268 0x0000025b07b2ed90 code [0x0000025b07b2ef00, 0x0000025b07b2ef98]
Event: 569.404 Thread 0x0000025b78463080 nmethod 5269 0x0000025b00193690 code [0x0000025b001938c0, 0x0000025b00194038]
Event: 569.452 Thread 0x0000025b78463080 5270  s    3       java.util.Properties::setProperty (7 bytes)
Event: 569.452 Thread 0x0000025b78463080 nmethod 5270 0x0000025b000af790 code [0x0000025b000af940, 0x0000025b000afba8]
Event: 569.452 Thread 0x0000025b78463080 5271       3       com.sun.org.apache.xml.internal.serializer.SerializerBase::isInEntityRef (13 bytes)
Event: 569.452 Thread 0x0000025b78463080 nmethod 5271 0x0000025b001ac690 code [0x0000025b001ac820, 0x0000025b001ac998]
Event: 569.454 Thread 0x0000025b732250a0 5272       4       org.eclipse.osgi.framework.eventmgr.CopyOnWriteIdentityMap$Snapshot$EntryIterator::next (5 bytes)
Event: 569.455 Thread 0x0000025b732250a0 nmethod 5272 0x0000025b07b2e890 code [0x0000025b07b2ea20, 0x0000025b07b2eb38]
Event: 569.455 Thread 0x0000025b732250a0 5273       4       org.eclipse.osgi.framework.eventmgr.CopyOnWriteIdentityMap$Snapshot$SnapshotIterator::nextEntry (58 bytes)
Event: 569.457 Thread 0x0000025b732250a0 nmethod 5273 0x0000025b07c6f110 code [0x0000025b07c6f2a0, 0x0000025b07c6f3b8]
Event: 569.501 Thread 0x0000025b78463080 5274       3       org.eclipse.core.internal.registry.HashtableOfStringAndInt::get (72 bytes)
Event: 569.501 Thread 0x0000025b78463080 nmethod 5274 0x0000025b004ed190 code [0x0000025b004ed3a0, 0x0000025b004ed978]
Event: 569.511 Thread 0x0000025b78463080 5275       3       java.lang.invoke.StringConcatFactory::parseRecipe (198 bytes)
Event: 569.524 Thread 0x0000025b78463080 nmethod 5275 0x0000025b0086b190 code [0x0000025b0086b600, 0x0000025b0086d878]
Event: 569.528 Thread 0x0000025b78463080 5276       3       java.lang.invoke.LambdaFormEditor$TransformKey::of (79 bytes)
Event: 569.529 Thread 0x0000025b78463080 nmethod 5276 0x0000025b0085a910 code [0x0000025b0085ab00, 0x0000025b0085b188]
Event: 569.722 Thread 0x0000025b78463080 5277       3       org.eclipse.osgi.internal.framework.FilterImpl$Item::compare_ObjectArray (38 bytes)
Event: 569.722 Thread 0x0000025b78463080 nmethod 5277 0x0000025b000d9010 code [0x0000025b000d91c0, 0x0000025b000d9468]
Event: 569.856 Thread 0x0000025b732250a0 5278       4       org.eclipse.osgi.internal.loader.BundleLoader::searchHooks (192 bytes)

GC Heap History (20 events):
Event: 31.002 GC heap before
{Heap before GC invocations=14 (full 2):
 PSYoungGen      total 25088K, used 25056K [0x00000000eab00000, 0x00000000ec980000, 0x0000000100000000)
  eden space 23040K, 100% used [0x00000000eab00000,0x00000000ec180000,0x00000000ec180000)
  from space 2048K, 98% used [0x00000000ec380000,0x00000000ec578020,0x00000000ec580000)
  to   space 4096K, 0% used [0x00000000ec580000,0x00000000ec580000,0x00000000ec980000)
 ParOldGen       total 68608K, used 14811K [0x00000000c0000000, 0x00000000c4300000, 0x00000000eab00000)
  object space 68608K, 21% used [0x00000000c0000000,0x00000000c0e76d30,0x00000000c4300000)
 Metaspace       used 38417K, committed 39104K, reserved 1114112K
  class space    used 3878K, committed 4160K, reserved 1048576K
}
Event: 31.008 GC heap after
{Heap after GC invocations=14 (full 2):
 PSYoungGen      total 25088K, used 2176K [0x00000000eab00000, 0x00000000ec800000, 0x0000000100000000)
  eden space 22528K, 0% used [0x00000000eab00000,0x00000000eab00000,0x00000000ec100000)
  from space 2560K, 85% used [0x00000000ec580000,0x00000000ec7a0010,0x00000000ec800000)
  to   space 3072K, 0% used [0x00000000ec200000,0x00000000ec200000,0x00000000ec500000)
 ParOldGen       total 68608K, used 16759K [0x00000000c0000000, 0x00000000c4300000, 0x00000000eab00000)
  object space 68608K, 24% used [0x00000000c0000000,0x00000000c105ddb8,0x00000000c4300000)
 Metaspace       used 38417K, committed 39104K, reserved 1114112K
  class space    used 3878K, committed 4160K, reserved 1048576K
}
Event: 31.142 GC heap before
{Heap before GC invocations=15 (full 2):
 PSYoungGen      total 25088K, used 24704K [0x00000000eab00000, 0x00000000ec800000, 0x0000000100000000)
  eden space 22528K, 100% used [0x00000000eab00000,0x00000000ec100000,0x00000000ec100000)
  from space 2560K, 85% used [0x00000000ec580000,0x00000000ec7a0010,0x00000000ec800000)
  to   space 3072K, 0% used [0x00000000ec200000,0x00000000ec200000,0x00000000ec500000)
 ParOldGen       total 68608K, used 16759K [0x00000000c0000000, 0x00000000c4300000, 0x00000000eab00000)
  object space 68608K, 24% used [0x00000000c0000000,0x00000000c105ddb8,0x00000000c4300000)
 Metaspace       used 38474K, committed 39168K, reserved 1114112K
  class space    used 3889K, committed 4160K, reserved 1048576K
}
Event: 31.148 GC heap after
{Heap after GC invocations=15 (full 2):
 PSYoungGen      total 24576K, used 2144K [0x00000000eab00000, 0x00000000ec600000, 0x0000000100000000)
  eden space 22016K, 0% used [0x00000000eab00000,0x00000000eab00000,0x00000000ec080000)
  from space 2560K, 83% used [0x00000000ec200000,0x00000000ec418000,0x00000000ec480000)
  to   space 1536K, 0% used [0x00000000ec480000,0x00000000ec480000,0x00000000ec600000)
 ParOldGen       total 68608K, used 18895K [0x00000000c0000000, 0x00000000c4300000, 0x00000000eab00000)
  object space 68608K, 27% used [0x00000000c0000000,0x00000000c1273dc8,0x00000000c4300000)
 Metaspace       used 38474K, committed 39168K, reserved 1114112K
  class space    used 3889K, committed 4160K, reserved 1048576K
}
Event: 31.250 GC heap before
{Heap before GC invocations=16 (full 2):
 PSYoungGen      total 24576K, used 24160K [0x00000000eab00000, 0x00000000ec600000, 0x0000000100000000)
  eden space 22016K, 100% used [0x00000000eab00000,0x00000000ec080000,0x00000000ec080000)
  from space 2560K, 83% used [0x00000000ec200000,0x00000000ec418000,0x00000000ec480000)
  to   space 1536K, 0% used [0x00000000ec480000,0x00000000ec480000,0x00000000ec600000)
 ParOldGen       total 68608K, used 18895K [0x00000000c0000000, 0x00000000c4300000, 0x00000000eab00000)
  object space 68608K, 27% used [0x00000000c0000000,0x00000000c1273dc8,0x00000000c4300000)
 Metaspace       used 38474K, committed 39168K, reserved 1114112K
  class space    used 3889K, committed 4160K, reserved 1048576K
}
Event: 31.256 GC heap after
{Heap after GC invocations=16 (full 2):
 PSYoungGen      total 22528K, used 1536K [0x00000000eab00000, 0x00000000eca80000, 0x0000000100000000)
  eden space 20992K, 0% used [0x00000000eab00000,0x00000000eab00000,0x00000000ebf80000)
  from space 1536K, 100% used [0x00000000ec480000,0x00000000ec600000,0x00000000ec600000)
  to   space 5120K, 0% used [0x00000000ebf80000,0x00000000ebf80000,0x00000000ec480000)
 ParOldGen       total 68608K, used 21930K [0x00000000c0000000, 0x00000000c4300000, 0x00000000eab00000)
  object space 68608K, 31% used [0x00000000c0000000,0x00000000c156abe0,0x00000000c4300000)
 Metaspace       used 38474K, committed 39168K, reserved 1114112K
  class space    used 3889K, committed 4160K, reserved 1048576K
}
Event: 31.337 GC heap before
{Heap before GC invocations=17 (full 2):
 PSYoungGen      total 22528K, used 22528K [0x00000000eab00000, 0x00000000eca80000, 0x0000000100000000)
  eden space 20992K, 100% used [0x00000000eab00000,0x00000000ebf80000,0x00000000ebf80000)
  from space 1536K, 100% used [0x00000000ec480000,0x00000000ec600000,0x00000000ec600000)
  to   space 5120K, 0% used [0x00000000ebf80000,0x00000000ebf80000,0x00000000ec480000)
 ParOldGen       total 68608K, used 21930K [0x00000000c0000000, 0x00000000c4300000, 0x00000000eab00000)
  object space 68608K, 31% used [0x00000000c0000000,0x00000000c156abe0,0x00000000c4300000)
 Metaspace       used 38474K, committed 39168K, reserved 1114112K
  class space    used 3889K, committed 4160K, reserved 1048576K
}
Event: 31.343 GC heap after
{Heap after GC invocations=17 (full 2):
 PSYoungGen      total 23040K, used 1952K [0x00000000eab00000, 0x00000000ec580000, 0x0000000100000000)
  eden space 20992K, 0% used [0x00000000eab00000,0x00000000eab00000,0x00000000ebf80000)
  from space 2048K, 95% used [0x00000000ebf80000,0x00000000ec168000,0x00000000ec180000)
  to   space 3072K, 0% used [0x00000000ec280000,0x00000000ec280000,0x00000000ec580000)
 ParOldGen       total 68608K, used 23474K [0x00000000c0000000, 0x00000000c4300000, 0x00000000eab00000)
  object space 68608K, 34% used [0x00000000c0000000,0x00000000c16ecbe0,0x00000000c4300000)
 Metaspace       used 38474K, committed 39168K, reserved 1114112K
  class space    used 3889K, committed 4160K, reserved 1048576K
}
Event: 235.602 GC heap before
{Heap before GC invocations=18 (full 2):
 PSYoungGen      total 23040K, used 22944K [0x00000000eab00000, 0x00000000ec580000, 0x0000000100000000)
  eden space 20992K, 100% used [0x00000000eab00000,0x00000000ebf80000,0x00000000ebf80000)
  from space 2048K, 95% used [0x00000000ebf80000,0x00000000ec168000,0x00000000ec180000)
  to   space 3072K, 0% used [0x00000000ec280000,0x00000000ec280000,0x00000000ec580000)
 ParOldGen       total 68608K, used 23474K [0x00000000c0000000, 0x00000000c4300000, 0x00000000eab00000)
  object space 68608K, 34% used [0x00000000c0000000,0x00000000c16ecbe0,0x00000000c4300000)
 Metaspace       used 39389K, committed 40192K, reserved 1114112K
  class space    used 3976K, committed 4352K, reserved 1048576K
}
Event: 235.645 GC heap after
{Heap after GC invocations=18 (full 2):
 PSYoungGen      total 23552K, used 3041K [0x00000000eab00000, 0x00000000ec680000, 0x0000000100000000)
  eden space 20480K, 0% used [0x00000000eab00000,0x00000000eab00000,0x00000000ebf00000)
  from space 3072K, 98% used [0x00000000ec280000,0x00000000ec578500,0x00000000ec580000)
  to   space 3584K, 0% used [0x00000000ebf00000,0x00000000ebf00000,0x00000000ec280000)
 ParOldGen       total 68608K, used 25401K [0x00000000c0000000, 0x00000000c4300000, 0x00000000eab00000)
  object space 68608K, 37% used [0x00000000c0000000,0x00000000c18ce460,0x00000000c4300000)
 Metaspace       used 39389K, committed 40192K, reserved 1114112K
  class space    used 3976K, committed 4352K, reserved 1048576K
}
Event: 240.131 GC heap before
{Heap before GC invocations=19 (full 2):
 PSYoungGen      total 23552K, used 23521K [0x00000000eab00000, 0x00000000ec680000, 0x0000000100000000)
  eden space 20480K, 100% used [0x00000000eab00000,0x00000000ebf00000,0x00000000ebf00000)
  from space 3072K, 98% used [0x00000000ec280000,0x00000000ec578500,0x00000000ec580000)
  to   space 3584K, 0% used [0x00000000ebf00000,0x00000000ebf00000,0x00000000ec280000)
 ParOldGen       total 68608K, used 25401K [0x00000000c0000000, 0x00000000c4300000, 0x00000000eab00000)
  object space 68608K, 37% used [0x00000000c0000000,0x00000000c18ce460,0x00000000c4300000)
 Metaspace       used 41434K, committed 42240K, reserved 1114112K
  class space    used 4202K, committed 4544K, reserved 1048576K
}
Event: 240.137 GC heap after
{Heap after GC invocations=19 (full 2):
 PSYoungGen      total 22016K, used 1445K [0x00000000eab00000, 0x00000000ec300000, 0x0000000100000000)
  eden space 20480K, 0% used [0x00000000eab00000,0x00000000eab00000,0x00000000ebf00000)
  from space 1536K, 94% used [0x00000000ebf00000,0x00000000ec069710,0x00000000ec080000)
  to   space 2048K, 0% used [0x00000000ec100000,0x00000000ec100000,0x00000000ec300000)
 ParOldGen       total 68608K, used 28373K [0x00000000c0000000, 0x00000000c4300000, 0x00000000eab00000)
  object space 68608K, 41% used [0x00000000c0000000,0x00000000c1bb5650,0x00000000c4300000)
 Metaspace       used 41434K, committed 42240K, reserved 1114112K
  class space    used 4202K, committed 4544K, reserved 1048576K
}
Event: 240.528 GC heap before
{Heap before GC invocations=20 (full 2):
 PSYoungGen      total 22016K, used 21925K [0x00000000eab00000, 0x00000000ec300000, 0x0000000100000000)
  eden space 20480K, 100% used [0x00000000eab00000,0x00000000ebf00000,0x00000000ebf00000)
  from space 1536K, 94% used [0x00000000ebf00000,0x00000000ec069710,0x00000000ec080000)
  to   space 2048K, 0% used [0x00000000ec100000,0x00000000ec100000,0x00000000ec300000)
 ParOldGen       total 68608K, used 28373K [0x00000000c0000000, 0x00000000c4300000, 0x00000000eab00000)
  object space 68608K, 41% used [0x00000000c0000000,0x00000000c1bb5650,0x00000000c4300000)
 Metaspace       used 41468K, committed 42240K, reserved 1114112K
  class space    used 4202K, committed 4544K, reserved 1048576K
}
Event: 240.531 GC heap after
{Heap after GC invocations=20 (full 2):
 PSYoungGen      total 21504K, used 918K [0x00000000eab00000, 0x00000000ec200000, 0x0000000100000000)
  eden space 20480K, 0% used [0x00000000eab00000,0x00000000eab00000,0x00000000ebf00000)
  from space 1024K, 89% used [0x00000000ec100000,0x00000000ec1e5ba0,0x00000000ec200000)
  to   space 1536K, 0% used [0x00000000ebf00000,0x00000000ebf00000,0x00000000ec080000)
 ParOldGen       total 68608K, used 29420K [0x00000000c0000000, 0x00000000c4300000, 0x00000000eab00000)
  object space 68608K, 42% used [0x00000000c0000000,0x00000000c1cbb268,0x00000000c4300000)
 Metaspace       used 41468K, committed 42240K, reserved 1114112K
  class space    used 4202K, committed 4544K, reserved 1048576K
}
Event: 246.633 GC heap before
{Heap before GC invocations=21 (full 2):
 PSYoungGen      total 21504K, used 21398K [0x00000000eab00000, 0x00000000ec200000, 0x0000000100000000)
  eden space 20480K, 100% used [0x00000000eab00000,0x00000000ebf00000,0x00000000ebf00000)
  from space 1024K, 89% used [0x00000000ec100000,0x00000000ec1e5ba0,0x00000000ec200000)
  to   space 1536K, 0% used [0x00000000ebf00000,0x00000000ebf00000,0x00000000ec080000)
 ParOldGen       total 68608K, used 29420K [0x00000000c0000000, 0x00000000c4300000, 0x00000000eab00000)
  object space 68608K, 42% used [0x00000000c0000000,0x00000000c1cbb268,0x00000000c4300000)
 Metaspace       used 43081K, committed 43904K, reserved 1114112K
  class space    used 4346K, committed 4736K, reserved 1048576K
}
Event: 246.634 GC heap after
{Heap after GC invocations=21 (full 2):
 PSYoungGen      total 22016K, used 192K [0x00000000eab00000, 0x00000000ec180000, 0x0000000100000000)
  eden space 20480K, 0% used [0x00000000eab00000,0x00000000eab00000,0x00000000ebf00000)
  from space 1536K, 12% used [0x00000000ebf00000,0x00000000ebf30000,0x00000000ec080000)
  to   space 512K, 0% used [0x00000000ec100000,0x00000000ec100000,0x00000000ec180000)
 ParOldGen       total 68608K, used 29444K [0x00000000c0000000, 0x00000000c4300000, 0x00000000eab00000)
  object space 68608K, 42% used [0x00000000c0000000,0x00000000c1cc1268,0x00000000c4300000)
 Metaspace       used 43081K, committed 43904K, reserved 1114112K
  class space    used 4346K, committed 4736K, reserved 1048576K
}
Event: 252.776 GC heap before
{Heap before GC invocations=22 (full 2):
 PSYoungGen      total 22016K, used 20672K [0x00000000eab00000, 0x00000000ec180000, 0x0000000100000000)
  eden space 20480K, 100% used [0x00000000eab00000,0x00000000ebf00000,0x00000000ebf00000)
  from space 1536K, 12% used [0x00000000ebf00000,0x00000000ebf30000,0x00000000ec080000)
  to   space 512K, 0% used [0x00000000ec100000,0x00000000ec100000,0x00000000ec180000)
 ParOldGen       total 68608K, used 29444K [0x00000000c0000000, 0x00000000c4300000, 0x00000000eab00000)
  object space 68608K, 42% used [0x00000000c0000000,0x00000000c1cc1268,0x00000000c4300000)
 Metaspace       used 44035K, committed 44864K, reserved 1114112K
  class space    used 4452K, committed 4800K, reserved 1048576K
}
Event: 252.778 GC heap after
{Heap after GC invocations=22 (full 2):
 PSYoungGen      total 20992K, used 480K [0x00000000eab00000, 0x00000000ec180000, 0x0000000100000000)
  eden space 20480K, 0% used [0x00000000eab00000,0x00000000eab00000,0x00000000ebf00000)
  from space 512K, 93% used [0x00000000ec100000,0x00000000ec178010,0x00000000ec180000)
  to   space 1024K, 0% used [0x00000000ebf80000,0x00000000ebf80000,0x00000000ec080000)
 ParOldGen       total 68608K, used 29564K [0x00000000c0000000, 0x00000000c4300000, 0x00000000eab00000)
  object space 68608K, 43% used [0x00000000c0000000,0x00000000c1cdf268,0x00000000c4300000)
 Metaspace       used 44035K, committed 44864K, reserved 1114112K
  class space    used 4452K, committed 4800K, reserved 1048576K
}
Event: 543.349 GC heap before
{Heap before GC invocations=23 (full 2):
 PSYoungGen      total 20992K, used 20960K [0x00000000eab00000, 0x00000000ec180000, 0x0000000100000000)
  eden space 20480K, 100% used [0x00000000eab00000,0x00000000ebf00000,0x00000000ebf00000)
  from space 512K, 93% used [0x00000000ec100000,0x00000000ec178010,0x00000000ec180000)
  to   space 1024K, 0% used [0x00000000ebf80000,0x00000000ebf80000,0x00000000ec080000)
 ParOldGen       total 68608K, used 29564K [0x00000000c0000000, 0x00000000c4300000, 0x00000000eab00000)
  object space 68608K, 43% used [0x00000000c0000000,0x00000000c1cdf268,0x00000000c4300000)
 Metaspace       used 45003K, committed 45824K, reserved 1114112K
  class space    used 4518K, committed 4928K, reserved 1048576K
}
Event: 543.690 GC heap after
{Heap after GC invocations=23 (full 2):
 PSYoungGen      total 21504K, used 768K [0x00000000eab00000, 0x00000000ec180000, 0x0000000100000000)
  eden space 20480K, 0% used [0x00000000eab00000,0x00000000eab00000,0x00000000ebf00000)
  from space 1024K, 75% used [0x00000000ebf80000,0x00000000ec040000,0x00000000ec080000)
  to   space 1024K, 0% used [0x00000000ec080000,0x00000000ec080000,0x00000000ec180000)
 ParOldGen       total 68608K, used 30625K [0x00000000c0000000, 0x00000000c4300000, 0x00000000eab00000)
  object space 68608K, 44% used [0x00000000c0000000,0x00000000c1de8778,0x00000000c4300000)
 Metaspace       used 45003K, committed 45824K, reserved 1114112K
  class space    used 4518K, committed 4928K, reserved 1048576K
}

Dll operation events (12 events):
Event: 1.676 Loaded shared library c:\Users\AAHIL ALWANI\.vscode\extensions\redhat.java-1.28.1-win32-x64\jre\17.0.10-win32-x86_64\bin\java.dll
Event: 2.263 Loaded shared library c:\Users\AAHIL ALWANI\.vscode\extensions\redhat.java-1.28.1-win32-x64\jre\17.0.10-win32-x86_64\bin\zip.dll
Event: 2.278 Loaded shared library C:\Users\AAHIL ALWANI\.vscode\extensions\redhat.java-1.28.1-win32-x64\jre\17.0.10-win32-x86_64\bin\instrument.dll
Event: 2.412 Loaded shared library C:\Users\AAHIL ALWANI\.vscode\extensions\redhat.java-1.28.1-win32-x64\jre\17.0.10-win32-x86_64\bin\net.dll
Event: 2.489 Loaded shared library C:\Users\AAHIL ALWANI\.vscode\extensions\redhat.java-1.28.1-win32-x64\jre\17.0.10-win32-x86_64\bin\nio.dll
Event: 2.500 Loaded shared library C:\Users\AAHIL ALWANI\.vscode\extensions\redhat.java-1.28.1-win32-x64\jre\17.0.10-win32-x86_64\bin\zip.dll
Event: 2.545 Loaded shared library C:\Users\AAHIL ALWANI\.vscode\extensions\redhat.java-1.28.1-win32-x64\jre\17.0.10-win32-x86_64\bin\jimage.dll
Event: 2.776 Loaded shared library c:\Users\AAHIL ALWANI\.vscode\extensions\redhat.java-1.28.1-win32-x64\jre\17.0.10-win32-x86_64\bin\verify.dll
Event: 20.250 Loaded shared library C:\Users\AAHIL ALWANI\AppData\Roaming\Code\User\globalStorage\redhat.java\1.28.1\config_ss_win\org.eclipse.equinox.launcher\org.eclipse.equinox.launcher.win32.win32.x86_64_1.2.900.v20240129-1338\eclipse_11900.dll
Event: 25.640 Loaded shared library C:\Users\AAHIL ALWANI\.vscode\extensions\redhat.java-1.28.1-win32-x64\jre\17.0.10-win32-x86_64\bin\management.dll
Event: 25.683 Loaded shared library C:\Users\AAHIL ALWANI\.vscode\extensions\redhat.java-1.28.1-win32-x64\jre\17.0.10-win32-x86_64\bin\management_ext.dll
Event: 28.276 Loaded shared library C:\Users\AAHIL ALWANI\AppData\Local\Temp\jna--1522854107\jna6705569667993889100.dll

Deoptimization events (20 events):
Event: 563.899 Thread 0x0000025b78b47be0 Uncommon trap: trap_request=0xffffffde fr.pc=0x0000025b07cfa6f0 relative=0x00000000000002d0
Event: 563.899 Thread 0x0000025b78b47be0 Uncommon trap: reason=class_check action=maybe_recompile pc=0x0000025b07cfa6f0 method=java.io.DataOutputStream.writeInt(I)V @ 53 c2
Event: 563.899 Thread 0x0000025b78b47be0 DEOPT PACKING pc=0x0000025b07cfa6f0 sp=0x000000de120ff040
Event: 563.902 Thread 0x0000025b78b47be0 DEOPT UNPACKING pc=0x0000025b075866a3 sp=0x000000de120feff8 mode 2
Event: 563.902 Thread 0x0000025b78b47be0 Uncommon trap: trap_request=0xffffffde fr.pc=0x0000025b07cfa6f0 relative=0x00000000000002d0
Event: 563.902 Thread 0x0000025b78b47be0 Uncommon trap: reason=class_check action=maybe_recompile pc=0x0000025b07cfa6f0 method=java.io.DataOutputStream.writeInt(I)V @ 53 c2
Event: 563.902 Thread 0x0000025b78b47be0 DEOPT PACKING pc=0x0000025b07cfa6f0 sp=0x000000de120ff1a0
Event: 563.902 Thread 0x0000025b78b47be0 DEOPT UNPACKING pc=0x0000025b075866a3 sp=0x000000de120ff158 mode 2
Event: 563.942 Thread 0x0000025b78b47be0 Uncommon trap: trap_request=0xffffffde fr.pc=0x0000025b07cfa6f0 relative=0x00000000000002d0
Event: 563.942 Thread 0x0000025b78b47be0 Uncommon trap: reason=class_check action=maybe_recompile pc=0x0000025b07cfa6f0 method=java.io.DataOutputStream.writeInt(I)V @ 53 c2
Event: 563.942 Thread 0x0000025b78b47be0 DEOPT PACKING pc=0x0000025b07cfa6f0 sp=0x000000de120ff0f0
Event: 563.944 Thread 0x0000025b78b47be0 DEOPT UNPACKING pc=0x0000025b075866a3 sp=0x000000de120ff0a8 mode 2
Event: 567.586 Thread 0x0000025b78b47be0 Uncommon trap: trap_request=0xffffff45 fr.pc=0x0000025b07d2e6c4 relative=0x0000000000000944
Event: 567.586 Thread 0x0000025b78b47be0 Uncommon trap: reason=unstable_if action=reinterpret pc=0x0000025b07d2e6c4 method=java.util.Properties$LineReader.readLine()I @ 249 c2
Event: 567.586 Thread 0x0000025b78b47be0 DEOPT PACKING pc=0x0000025b07d2e6c4 sp=0x000000de120ff080
Event: 567.586 Thread 0x0000025b78b47be0 DEOPT UNPACKING pc=0x0000025b075866a3 sp=0x000000de120ff010 mode 2
Event: 569.506 Thread 0x0000025b7aa3bb30 Uncommon trap: trap_request=0xffffffcc fr.pc=0x0000025b07db9e34 relative=0x0000000000001a14
Event: 569.507 Thread 0x0000025b7aa3bb30 Uncommon trap: reason=intrinsic_or_type_checked_inlining action=make_not_entrant pc=0x0000025b07db9e34 method=java.util.ArrayList$SubList.toArray([Ljava/lang/Object;)[Ljava/lang/Object; @ 58 c2
Event: 569.507 Thread 0x0000025b7aa3bb30 DEOPT PACKING pc=0x0000025b07db9e34 sp=0x000000de101fe480
Event: 569.507 Thread 0x0000025b7aa3bb30 DEOPT UNPACKING pc=0x0000025b075866a3 sp=0x000000de101fe3b8 mode 2

Classes unloaded (7 events):
Event: 25.763 Thread 0x0000025b731dbbc0 Unloading class 0x000000010024a000 'java/lang/invoke/LambdaForm$MH+0x000000010024a000'
Event: 25.763 Thread 0x0000025b731dbbc0 Unloading class 0x0000000100249c00 'java/lang/invoke/LambdaForm$MH+0x0000000100249c00'
Event: 25.763 Thread 0x0000025b731dbbc0 Unloading class 0x0000000100249800 'java/lang/invoke/LambdaForm$MH+0x0000000100249800'
Event: 25.763 Thread 0x0000025b731dbbc0 Unloading class 0x0000000100249400 'java/lang/invoke/LambdaForm$MH+0x0000000100249400'
Event: 25.763 Thread 0x0000025b731dbbc0 Unloading class 0x0000000100249000 'java/lang/invoke/LambdaForm$BMH+0x0000000100249000'
Event: 25.763 Thread 0x0000025b731dbbc0 Unloading class 0x0000000100248c00 'java/lang/invoke/LambdaForm$DMH+0x0000000100248c00'
Event: 25.763 Thread 0x0000025b731dbbc0 Unloading class 0x0000000100240400 'java/lang/invoke/LambdaForm$DMH+0x0000000100240400'

Classes redefined (0 events):
No events

Internal exceptions (20 events):
Event: 31.945 Thread 0x0000025b78b480f0 Exception <a 'java/lang/NoSuchMethodError'{0x00000000eb3882a0}: 'java.lang.Object java.lang.invoke.Invokers$Holder.linkToTargetMethod(java.lang.Object, java.lang.Object, java.lang.Object, java.lang.Object, java.lang.Object, java.lang.Object, java.lang.Object, java.lang.Object)'> (0x00000000eb3882a0) 
thrown [s\src\hotspot\share\interpreter\linkResolver.cpp, line 759]
Event: 37.241 Thread 0x0000025b78c494d0 Implicit null exception at 0x0000025b07bf3e46 to 0x0000025b07bf4338
Event: 233.909 Thread 0x0000025b7aa38890 Exception <a 'java/lang/NoSuchMethodError'{0x00000000eb5d8948}: 'java.lang.Object java.lang.invoke.DirectMethodHandle$Holder.invokeInterface(java.lang.Object, java.lang.Object, java.lang.Object)'> (0x00000000eb5d8948) 
thrown [s\src\hotspot\share\interpreter\linkResolver.cpp, line 759]
Event: 252.652 Thread 0x0000025b7aa38890 Implicit null exception at 0x0000025b07c65ccf to 0x0000025b07c66a00
Event: 253.240 Thread 0x0000025b7aa38890 Exception <a 'sun/nio/fs/WindowsException'{0x00000000eaeff050}> (0x00000000eaeff050) 
thrown [s\src\hotspot\share\prims\jni.cpp, line 516]
Event: 253.244 Thread 0x0000025b7aa38890 Exception <a 'sun/nio/fs/WindowsException'{0x00000000eaf03f68}> (0x00000000eaf03f68) 
thrown [s\src\hotspot\share\prims\jni.cpp, line 516]
Event: 253.273 Thread 0x0000025b7aa38890 Exception <a 'sun/nio/fs/WindowsException'{0x00000000eb02ae30}> (0x00000000eb02ae30) 
thrown [s\src\hotspot\share\prims\jni.cpp, line 516]
Event: 253.275 Thread 0x0000025b7aa38890 Exception <a 'sun/nio/fs/WindowsException'{0x00000000eb030290}> (0x00000000eb030290) 
thrown [s\src\hotspot\share\prims\jni.cpp, line 516]
Event: 253.322 Thread 0x0000025b7aa38890 Exception <a 'sun/nio/fs/WindowsException'{0x00000000eb92e5e8}> (0x00000000eb92e5e8) 
thrown [s\src\hotspot\share\prims\jni.cpp, line 516]
Event: 253.324 Thread 0x0000025b7aa38890 Exception <a 'sun/nio/fs/WindowsException'{0x00000000eb934068}> (0x00000000eb934068) 
thrown [s\src\hotspot\share\prims\jni.cpp, line 516]
Event: 253.330 Thread 0x0000025b7aa38890 Exception <a 'sun/nio/fs/WindowsException'{0x00000000eb943ec8}> (0x00000000eb943ec8) 
thrown [s\src\hotspot\share\prims\jni.cpp, line 516]
Event: 253.332 Thread 0x0000025b7aa38890 Exception <a 'sun/nio/fs/WindowsException'{0x00000000eb949f38}> (0x00000000eb949f38) 
thrown [s\src\hotspot\share\prims\jni.cpp, line 516]
Event: 253.464 Thread 0x0000025b7aa38890 Exception <a 'sun/nio/fs/WindowsException'{0x00000000ebbd6ab8}> (0x00000000ebbd6ab8) 
thrown [s\src\hotspot\share\prims\jni.cpp, line 516]
Event: 253.496 Thread 0x0000025b7aa38890 Exception <a 'sun/nio/fs/WindowsException'{0x00000000ebc03cf0}> (0x00000000ebc03cf0) 
thrown [s\src\hotspot\share\prims\jni.cpp, line 516]
Event: 254.143 Thread 0x0000025b7aa38890 Exception <a 'sun/nio/fs/WindowsException'{0x00000000ebe519f8}> (0x00000000ebe519f8) 
thrown [s\src\hotspot\share\prims\jni.cpp, line 516]
Event: 255.354 Thread 0x0000025b7aa38890 Exception <a 'sun/nio/fs/WindowsException'{0x00000000ebe7e8b8}> (0x00000000ebe7e8b8) 
thrown [s\src\hotspot\share\prims\jni.cpp, line 516]
Event: 564.171 Thread 0x0000025b78b47be0 Exception <a 'java/lang/NoSuchMethodError'{0x00000000eabc93b8}: 'java.lang.Object java.lang.invoke.DirectMethodHandle$Holder.newInvokeSpecial(java.lang.Object, java.lang.Object, java.lang.Object, java.lang.Object, java.lang.Object, java.lang.Object, java.lang.Object, java.lang.Object, java.lang.Object, java.lang.Object)'> (0x00000000eabc93b8) 
thrown [s\src\hotspot\share\interpreter\linkResolver.cpp, line 759]
Event: 564.188 Thread 0x0000025b78b47be0 Exception <a 'java/lang/NoSuchMethodError'{0x00000000eabce0a8}: 'java.lang.Object java.lang.invoke.DirectMethodHandle$Holder.invokeSpecial(java.lang.Object, java.lang.Object, java.lang.Object, java.lang.Object, java.lang.Object, java.lang.Object, java.lang.Object, java.lang.Object, java.lang.Object, java.lang.Object, java.lang.Object)'> (0x00000000eabce0a8) 
thrown [s\src\hotspot\share\interpreter\linkResolver.cpp, line 759]
Event: 564.190 Thread 0x0000025b78b47be0 Exception <a 'java/lang/NoSuchMethodError'{0x00000000eabd25b8}: 'java.lang.Object java.lang.invoke.Invokers$Holder.linkToTargetMethod(java.lang.Object, java.lang.Object, java.lang.Object, java.lang.Object, java.lang.Object, java.lang.Object, java.lang.Object, java.lang.Object, java.lang.Object, java.lang.Object)'> (0x00000000eabd25b8) 
thrown [s\src\hotspot\share\interpreter\linkResolver.cpp, line 759]
Event: 564.414 Thread 0x0000025b78b47be0 Exception <a 'sun/nio/fs/WindowsException'{0x00000000eac32858}> (0x00000000eac32858) 
thrown [s\src\hotspot\share\prims\jni.cpp, line 516]

VM Operations (20 events):
Event: 519.524 Executing VM operation: Cleanup
Event: 519.525 Executing VM operation: Cleanup done
Event: 543.347 Executing VM operation: ParallelGCFailedAllocation
Event: 543.690 Executing VM operation: ParallelGCFailedAllocation done
Event: 547.691 Executing VM operation: Cleanup
Event: 547.825 Executing VM operation: Cleanup done
Event: 549.826 Executing VM operation: Cleanup
Event: 549.826 Executing VM operation: Cleanup done
Event: 553.828 Executing VM operation: Cleanup
Event: 560.047 Executing VM operation: Cleanup done
Event: 564.083 Executing VM operation: Cleanup
Event: 564.086 Executing VM operation: Cleanup done
Event: 565.088 Executing VM operation: Cleanup
Event: 565.088 Executing VM operation: Cleanup done
Event: 568.111 Executing VM operation: Cleanup
Event: 568.234 Executing VM operation: Cleanup done
Event: 569.244 Executing VM operation: Cleanup
Event: 569.258 Executing VM operation: Cleanup done
Event: 570.265 Executing VM operation: Cleanup
Event: 570.373 Executing VM operation: Cleanup done

Events (20 events):
Event: 563.075 loading class sun/nio/cs/ThreadLocalCoders$1
Event: 563.329 loading class sun/nio/cs/ThreadLocalCoders$Cache
Event: 563.562 loading class sun/nio/cs/ThreadLocalCoders$Cache done
Event: 563.562 loading class sun/nio/cs/ThreadLocalCoders$1 done
Event: 563.565 loading class sun/nio/cs/ThreadLocalCoders$2
Event: 563.580 loading class sun/nio/cs/ThreadLocalCoders$2 done
Event: 563.806 Thread 0x0000025b7aa397c0 Thread added: 0x0000025b7aa397c0
Event: 563.855 Thread 0x0000025b7aa397c0 Thread exited: 0x0000025b7aa397c0
Event: 564.023 loading class java/util/Collections$EmptyListIterator
Event: 564.037 loading class java/util/Collections$EmptyListIterator done
Event: 564.222 Thread 0x0000025b7aa3b110 Thread added: 0x0000025b7aa3b110
Event: 564.258 Thread 0x0000025b7aa3b110 Thread exited: 0x0000025b7aa3b110
Event: 564.666 loading class java/util/concurrent/Executors$DelegatedScheduledExecutorService
Event: 564.669 loading class java/util/concurrent/Executors$DelegatedExecutorService
Event: 564.675 loading class java/util/concurrent/Executors$DelegatedExecutorService done
Event: 564.675 loading class java/util/concurrent/Executors$DelegatedScheduledExecutorService done
Event: 564.679 Thread 0x0000025b7aa397c0 Thread added: 0x0000025b7aa397c0
Event: 569.357 Thread 0x0000025b7aa3bb30 Thread added: 0x0000025b7aa3bb30
Event: 569.507 loading class java/util/Hashtable$KeySet
Event: 569.509 loading class java/util/Hashtable$KeySet done


Dynamic libraries:
0x00007ff6ffeb0000 - 0x00007ff6ffebe000 	c:\Users\AAHIL ALWANI\.vscode\extensions\redhat.java-1.28.1-win32-x64\jre\17.0.10-win32-x86_64\bin\java.exe
0x00007ffd5ba50000 - 0x00007ffd5bc48000 	C:\WINDOWS\SYSTEM32\ntdll.dll
0x00007ffd5b1b0000 - 0x00007ffd5b26d000 	C:\WINDOWS\System32\KERNEL32.DLL
0x00007ffd59270000 - 0x00007ffd59566000 	C:\WINDOWS\System32\KERNELBASE.dll
0x00007ffd59990000 - 0x00007ffd59a90000 	C:\WINDOWS\System32\ucrtbase.dll
0x00007ffd1e720000 - 0x00007ffd1e737000 	c:\Users\AAHIL ALWANI\.vscode\extensions\redhat.java-1.28.1-win32-x64\jre\17.0.10-win32-x86_64\bin\jli.dll
0x00007ffd5b6e0000 - 0x00007ffd5b87e000 	C:\WINDOWS\System32\USER32.dll
0x00007ffd59960000 - 0x00007ffd59982000 	C:\WINDOWS\System32\win32u.dll
0x00007ffd59a90000 - 0x00007ffd59abb000 	C:\WINDOWS\System32\GDI32.dll
0x00007ffd59700000 - 0x00007ffd59817000 	C:\WINDOWS\System32\gdi32full.dll
0x00007ffd59160000 - 0x00007ffd591fd000 	C:\WINDOWS\System32\msvcp_win.dll
0x00007ffd490f0000 - 0x00007ffd4938a000 	C:\WINDOWS\WinSxS\amd64_microsoft.windows.common-controls_6595b64144ccf1df_6.0.19041.3636_none_60b6a03d71f818d5\COMCTL32.dll
0x00007ffd5a210000 - 0x00007ffd5a2ae000 	C:\WINDOWS\System32\msvcrt.dll
0x00007ffd1e700000 - 0x00007ffd1e71b000 	c:\Users\AAHIL ALWANI\.vscode\extensions\redhat.java-1.28.1-win32-x64\jre\17.0.10-win32-x86_64\bin\VCRUNTIME140.dll
0x00007ffd5aaf0000 - 0x00007ffd5ab22000 	C:\WINDOWS\System32\IMM32.DLL
0x00007ffd40720000 - 0x00007ffd4072c000 	c:\Users\AAHIL ALWANI\.vscode\extensions\redhat.java-1.28.1-win32-x64\jre\17.0.10-win32-x86_64\bin\vcruntime140_1.dll
0x00007ffd18610000 - 0x00007ffd1869d000 	c:\Users\AAHIL ALWANI\.vscode\extensions\redhat.java-1.28.1-win32-x64\jre\17.0.10-win32-x86_64\bin\msvcp140.dll
0x00007ffccf8c0000 - 0x00007ffcd0522000 	c:\Users\AAHIL ALWANI\.vscode\extensions\redhat.java-1.28.1-win32-x64\jre\17.0.10-win32-x86_64\bin\server\jvm.dll
0x00007ffd5a820000 - 0x00007ffd5a8d3000 	C:\WINDOWS\System32\ADVAPI32.dll
0x00007ffd5b090000 - 0x00007ffd5b12f000 	C:\WINDOWS\System32\sechost.dll
0x00007ffd5ac20000 - 0x00007ffd5ad46000 	C:\WINDOWS\System32\RPCRT4.dll
0x00007ffd596d0000 - 0x00007ffd596f7000 	C:\WINDOWS\System32\bcrypt.dll
0x00007ffd58f70000 - 0x00007ffd58fbb000 	C:\WINDOWS\SYSTEM32\POWRPROF.dll
0x00007ffd478c0000 - 0x00007ffd478c9000 	C:\WINDOWS\SYSTEM32\WSOCK32.dll
0x00007ffd5a7b0000 - 0x00007ffd5a81b000 	C:\WINDOWS\System32\WS2_32.dll
0x00007ffd477a0000 - 0x00007ffd477c7000 	C:\WINDOWS\SYSTEM32\WINMM.dll
0x00007ffd49710000 - 0x00007ffd4971a000 	C:\WINDOWS\SYSTEM32\VERSION.dll
0x00007ffd58f50000 - 0x00007ffd58f62000 	C:\WINDOWS\SYSTEM32\UMPDC.dll
0x00007ffd57950000 - 0x00007ffd57962000 	C:\WINDOWS\SYSTEM32\kernel.appcore.dll
0x00007ffd40170000 - 0x00007ffd4017a000 	c:\Users\AAHIL ALWANI\.vscode\extensions\redhat.java-1.28.1-win32-x64\jre\17.0.10-win32-x86_64\bin\jimage.dll
0x00007ffd56eb0000 - 0x00007ffd57094000 	C:\WINDOWS\SYSTEM32\DBGHELP.DLL
0x00007ffd41700000 - 0x00007ffd41734000 	C:\WINDOWS\SYSTEM32\dbgcore.DLL
0x00007ffd59820000 - 0x00007ffd598a2000 	C:\WINDOWS\System32\bcryptPrimitives.dll
0x00007ffd40120000 - 0x00007ffd4012e000 	c:\Users\AAHIL ALWANI\.vscode\extensions\redhat.java-1.28.1-win32-x64\jre\17.0.10-win32-x86_64\bin\instrument.dll
0x00007ffd1e5c0000 - 0x00007ffd1e5e5000 	c:\Users\AAHIL ALWANI\.vscode\extensions\redhat.java-1.28.1-win32-x64\jre\17.0.10-win32-x86_64\bin\java.dll
0x00007ffd21100000 - 0x00007ffd21118000 	c:\Users\AAHIL ALWANI\.vscode\extensions\redhat.java-1.28.1-win32-x64\jre\17.0.10-win32-x86_64\bin\zip.dll
0x00007ffd59ac0000 - 0x00007ffd5a205000 	C:\WINDOWS\System32\SHELL32.dll
0x00007ffd571a0000 - 0x00007ffd5793c000 	C:\WINDOWS\SYSTEM32\windows.storage.dll
0x00007ffd5b270000 - 0x00007ffd5b5c4000 	C:\WINDOWS\System32\combase.dll
0x00007ffd58a70000 - 0x00007ffd58a9e000 	C:\WINDOWS\SYSTEM32\Wldp.dll
0x00007ffd5b940000 - 0x00007ffd5ba0d000 	C:\WINDOWS\System32\OLEAUT32.dll
0x00007ffd5b890000 - 0x00007ffd5b93d000 	C:\WINDOWS\System32\SHCORE.dll
0x00007ffd5ab30000 - 0x00007ffd5ab85000 	C:\WINDOWS\System32\shlwapi.dll
0x00007ffd59040000 - 0x00007ffd59065000 	C:\WINDOWS\SYSTEM32\profapi.dll
0x00007ffd1e080000 - 0x00007ffd1e099000 	C:\Users\AAHIL ALWANI\.vscode\extensions\redhat.java-1.28.1-win32-x64\jre\17.0.10-win32-x86_64\bin\net.dll
0x00007ffd509d0000 - 0x00007ffd50ada000 	C:\WINDOWS\SYSTEM32\WINHTTP.dll
0x00007ffd587d0000 - 0x00007ffd5883a000 	C:\WINDOWS\system32\mswsock.dll
0x00007ffd1df90000 - 0x00007ffd1dfa6000 	C:\Users\AAHIL ALWANI\.vscode\extensions\redhat.java-1.28.1-win32-x64\jre\17.0.10-win32-x86_64\bin\nio.dll
0x00007ffd32d00000 - 0x00007ffd32d10000 	c:\Users\AAHIL ALWANI\.vscode\extensions\redhat.java-1.28.1-win32-x64\jre\17.0.10-win32-x86_64\bin\verify.dll
0x00007ffd1cd70000 - 0x00007ffd1cdae000 	C:\Users\AAHIL ALWANI\AppData\Roaming\Code\User\globalStorage\redhat.java\1.28.1\config_ss_win\org.eclipse.equinox.launcher\org.eclipse.equinox.launcher.win32.win32.x86_64_1.2.900.v20240129-1338\eclipse_11900.dll
0x00007ffd5a9c0000 - 0x00007ffd5aaeb000 	C:\WINDOWS\System32\ole32.dll
0x00007ffd52ce0000 - 0x00007ffd52ce9000 	C:\Users\AAHIL ALWANI\.vscode\extensions\redhat.java-1.28.1-win32-x64\jre\17.0.10-win32-x86_64\bin\management.dll
0x00007ffd322f0000 - 0x00007ffd322fb000 	C:\Users\AAHIL ALWANI\.vscode\extensions\redhat.java-1.28.1-win32-x64\jre\17.0.10-win32-x86_64\bin\management_ext.dll
0x00007ffd5b880000 - 0x00007ffd5b888000 	C:\WINDOWS\System32\PSAPI.DLL
0x00007ffd589c0000 - 0x00007ffd589d8000 	C:\WINDOWS\SYSTEM32\CRYPTSP.dll
0x00007ffd58100000 - 0x00007ffd58134000 	C:\WINDOWS\system32\rsaenh.dll
0x00007ffd59000000 - 0x00007ffd5902e000 	C:\WINDOWS\SYSTEM32\USERENV.dll
0x00007ffd589e0000 - 0x00007ffd589ec000 	C:\WINDOWS\SYSTEM32\CRYPTBASE.dll
0x00007ffd584c0000 - 0x00007ffd584fb000 	C:\WINDOWS\SYSTEM32\IPHLPAPI.DLL
0x00007ffd5ac10000 - 0x00007ffd5ac18000 	C:\WINDOWS\System32\NSI.dll
0x00007ffd51260000 - 0x00007ffd51277000 	C:\WINDOWS\SYSTEM32\dhcpcsvc6.DLL
0x00007ffd51f40000 - 0x00007ffd51f5d000 	C:\WINDOWS\SYSTEM32\dhcpcsvc.DLL
0x00007ffd58500000 - 0x00007ffd585cb000 	C:\WINDOWS\SYSTEM32\DNSAPI.dll
0x00007ffd19e80000 - 0x00007ffd19ec5000 	C:\Users\AAHIL ALWANI\AppData\Local\Temp\jna--1522854107\jna6705569667993889100.dll

dbghelp: loaded successfully - version: 4.0.5 - missing functions: none
symbol engine: initialized successfully - sym options: 0x614 - pdb path: .;c:\Users\AAHIL ALWANI\.vscode\extensions\redhat.java-1.28.1-win32-x64\jre\17.0.10-win32-x86_64\bin;C:\WINDOWS\SYSTEM32;C:\WINDOWS\WinSxS\amd64_microsoft.windows.common-controls_6595b64144ccf1df_6.0.19041.3636_none_60b6a03d71f818d5;c:\Users\AAHIL ALWANI\.vscode\extensions\redhat.java-1.28.1-win32-x64\jre\17.0.10-win32-x86_64\bin\server;C:\Users\AAHIL ALWANI\AppData\Roaming\Code\User\globalStorage\redhat.java\1.28.1\config_ss_win\org.eclipse.equinox.launcher\org.eclipse.equinox.launcher.win32.win32.x86_64_1.2.900.v20240129-1338;C:\Users\AAHIL ALWANI\AppData\Local\Temp\jna--1522854107

VM Arguments:
jvm_args: --add-modules=ALL-SYSTEM --add-opens=java.base/java.util=ALL-UNNAMED --add-opens=java.base/java.lang=ALL-UNNAMED --add-opens=java.base/sun.nio.fs=ALL-UNNAMED -Declipse.application=org.eclipse.jdt.ls.core.id1 -Dosgi.bundles.defaultStartLevel=4 -Declipse.product=org.eclipse.jdt.ls.core.product -Djava.import.generatesMetadataFilesAtProjectRoot=false -DDetectVMInstallationsJob.disabled=true -Dfile.encoding=utf8 -XX:+UseParallelGC -XX:GCTimeRatio=4 -XX:AdaptiveSizePolicyWeight=90 -Dsun.zip.disableMemoryMapping=true -Xmx1G -Xms100m -Xlog:disable -javaagent:c:\Users\AAHIL ALWANI\.vscode\extensions\redhat.java-1.28.1-win32-x64\lombok\lombok-1.18.31.jar 
java_command: c:\Users\AAHIL ALWANI\.vscode\extensions\redhat.java-1.28.1-win32-x64\server\plugins\org.eclipse.equinox.launcher_1.6.700.v20231214-2017.jar -configuration c:\Users\AAHIL ALWANI\AppData\Roaming\Code\User\globalStorage\redhat.java\1.28.1\config_ss_win -data c:\Users\AAHIL ALWANI\AppData\Roaming\Code\User\workspaceStorage\cca122ab7a272cf1706982335082f80d\redhat.java\ss_ws --stdio
java_class_path (initial): c:\Users\AAHIL ALWANI\.vscode\extensions\redhat.java-1.28.1-win32-x64\server\plugins\org.eclipse.equinox.launcher_1.6.700.v20231214-2017.jar
Launcher Type: SUN_STANDARD

[Global flags]
    uintx AdaptiveSizePolicyWeight                 = 90                                        {product} {command line}
     intx CICompilerCount                          = 3                                         {product} {ergonomic}
    uintx GCTimeRatio                              = 4                                         {product} {command line}
   size_t InitialHeapSize                          = 104857600                                 {product} {command line}
   size_t MaxHeapSize                              = 1073741824                                {product} {command line}
   size_t MaxNewSize                               = 357564416                                 {product} {ergonomic}
   size_t MinHeapDeltaBytes                        = 524288                                    {product} {ergonomic}
   size_t MinHeapSize                              = 104857600                                 {product} {command line}
   size_t NewSize                                  = 34603008                                  {product} {ergonomic}
    uintx NonNMethodCodeHeapSize                   = 5832780                                {pd product} {ergonomic}
    uintx NonProfiledCodeHeapSize                  = 122912730                              {pd product} {ergonomic}
   size_t OldSize                                  = 70254592                                  {product} {ergonomic}
    uintx ProfiledCodeHeapSize                     = 122912730                              {pd product} {ergonomic}
    uintx ReservedCodeCacheSize                    = 251658240                              {pd product} {ergonomic}
     bool SegmentedCodeCache                       = true                                      {product} {ergonomic}
   size_t SoftMaxHeapSize                          = 1073741824                             {manageable} {ergonomic}
     bool UseCompressedClassPointers               = true                           {product lp64_product} {ergonomic}
     bool UseCompressedOops                        = true                           {product lp64_product} {ergonomic}
     bool UseLargePagesIndividualAllocation        = false                                  {pd product} {ergonomic}
     bool UseParallelGC                            = true                                      {product} {command line}

Logging:
Log output configuration:
 #0: stdout all=off uptime,level,tags
 #1: stderr all=off uptime,level,tags

Environment Variables:
PATH=C:\Program Files\Common Files\Oracle\Java\javapath;C:\WINDOWS\system32;C:\WINDOWS;C:\WINDOWS\System32\Wbem;C:\WINDOWS\System32\WindowsPowerShell\v1.0\;C:\Program Files\nodejs\;C:\Users\AAHIL ALWANI\AppData\Local\Android\Sdk;C:\Users\AAHIL ALWANI\AppData\Local\Android\Sdk\platform-tools;C:\Users\AAHIL ALWANI\AppData\Local\Android\Sdk\platforms;C:\Users\AAHIL ALWANI\AppData\Local\Programs\Python\Python311\Scripts;C:\ProgramData\chocolatey\bin;C:\src\flutter\bin;C:\tools\dart-sdk\bin;C:\Program Files\Git\cmd;C:\src\flutter\bin\mingit\cmd;C:\Program Files\Git\bin;C:\xampp\php;C:\composer;C:\Users\AAHIL ALWANI\AppData\Local\Pub\Cache\bin;C:\Program Files\Java\jdk-11.0.17\bin;C:\Program Files\Graphviz\bin;C:\Program Files\dotnet\;C:\Program Files (x86)\Microsoft SQL Server\110\Tools\Binn\;C:\Program Files\Microsoft SQL Server\110\Tools\Binn\;C:\Program Files\Microsoft SQL Server\110\DTS\Binn\;C:\Program Files (x86)\Microsoft SQL Server\110\Tools\Binn\ManagementStudio\;C:\Program Files (x86)\Microsoft SQL Server\110\DTS\Binn\;C:\Program Files (x86)\Microsoft SQL Server\160\Tools\Binn\;C:\Program Files\Microsoft SQL Server\160\Tools\Binn\;C:\Program Files\Microsoft SQL Server\Client SDK\ODBC\170\Tools\Binn\;C:\Program Files\Microsoft SQL Server\160\DTS\Binn\;C:\Program Files\Microsoft SQL Server\130\Tools\Binn\;C:\Program Files (x86)\Microsoft SQL Server\160\DTS\Binn\;C:\Program Files\Azure Data Studio\bin;C:\Program Files\Java\jdk-17\bin;;C:\WINDOWS\System32\OpenSSH\;C:\Users\AAHIL ALWANI\AppData\Local\Android\Sdk\tools;C:\Users\AAHIL ALWANI\AppData\Local\Microsoft\WindowsApps;C:\Users\AAHIL ALWANI\AppData\Local\Programs\Microsoft VS Code\bin;C:\Users\AAHIL ALWANI\AppData\Roaming\npm;C:\Users\AAHIL ALWANI\AppData\Local\Android\Sdk\platform-tools;C:\Program Files\Git\bin;C:\Users\AAHIL ALWANI\AppData\Local\Programs\Python\Python311\Scripts;C:\src\flutter\bin;C:\tools\dart-sdk\bin;C:\Program Files\Git\bin\git.exe;C:\xampp\php;C:\Users\AAHIL ALWANI\AppData\Roaming\Composer\
USERNAME=AAHIL ALWANI
OS=Windows_NT
PROCESSOR_IDENTIFIER=Intel64 Family 6 Model 142 Stepping 9, GenuineIntel
TMP=C:\Users\AAHILA~1\AppData\Local\Temp
TEMP=C:\Users\AAHILA~1\AppData\Local\Temp



Periodic native trim disabled


---------------  S Y S T E M  ---------------

OS:
 Windows 10 , 64 bit Build 19041 (10.0.19041.3636)
OS uptime: 6 days 20:59 hours

CPU: total 4 (initial active 4) (2 cores per cpu, 2 threads per core) family 6 model 142 stepping 9 microcode 0xb4, cx8, cmov, fxsr, ht, mmx, 3dnowpref, sse, sse2, sse3, ssse3, sse4.1, sse4.2, popcnt, lzcnt, tsc, tscinvbit, avx, avx2, aes, erms, clmul, bmi1, bmi2, adx, fma, vzeroupper, clflush, clflushopt
Processor Information for all 4 processors :
  Max Mhz: 2701, Current Mhz: 2701, Mhz Limit: 2701

Memory: 4k page, system-wide physical 3874M (110M free)
TotalPageFile size 15650M (AvailPageFile size 0M)
current process WorkingSet (physical memory assigned to process): 78M, peak: 168M
current process commit charge ("private bytes"): 237M, peak: 272M

vm_info: OpenJDK 64-Bit Server VM (17.0.10+7) for windows-amd64 JRE (17.0.10+7), built on Jan 16 2024 23:25:11 by "admin" with MS VC++ 16.10 / 16.11 (VS2019)

END.
